<?xml version="1.0" encoding="UTF-8"?>
<testsuites name="jest tests" tests="2" failures="0" errors="0" time="1.51">
  <testsuite name="undefined" errors="0" failures="0" skipped="0" timestamp="2024-12-28T14:45:52" time="0.903" tests="2">
    <testcase classname=" it shows two input and a button" name=" it shows two input and a button" time="0.059">
    </testcase>
    <testcase classname=" It calls onUserAdd when the form is submitted" name=" It calls onUserAdd when the form is submitted" time="0.162">
    </testcase>
  </testsuite>
</testsuites>