<?xml version="1.0" encoding="UTF-8"?>
<testsuites name="jest tests" tests="2" failures="1" errors="0" time="1.908">
  <testsuite name="undefined" errors="0" failures="1" skipped="0" timestamp="2024-12-30T05:42:23" time="1.066" tests="2">
    <testcase classname=" it shows two input and a button" name=" it shows two input and a button" time="0.088">
    </testcase>
    <testcase classname=" It calls onUserAdd when the form is submitted" name=" It calls onUserAdd when the form is submitted" time="0.053">
      <failure>TestingLibraryElementError: Unable to find an accessible element with the role &quot;tetbox&quot;

Here are the accessible roles:

  textbox:

  Name &quot;&quot;:
  &lt;input
    type=&quot;text&quot;
    value=&quot;&quot;
  /&gt;

  Name &quot;&quot;:
  &lt;input
    type=&quot;text&quot;
    value=&quot;&quot;
  /&gt;

  --------------------------------------------------
  button:

  Name &quot;Add User&quot;:
  &lt;button /&gt;

  --------------------------------------------------

Ignored nodes: comments, script, style
&lt;body&gt;
  &lt;div&gt;
    &lt;form&gt;
      &lt;div&gt;
        &lt;label&gt;
          Name
        &lt;/label&gt;
        &lt;input
          type=&quot;text&quot;
          value=&quot;&quot;
        /&gt;
      &lt;/div&gt;
      &lt;div&gt;
        &lt;label&gt;
          Email
        &lt;/label&gt;
        &lt;input
          type=&quot;text&quot;
          value=&quot;&quot;
        /&gt;
      &lt;/div&gt;
      &lt;button&gt;
        Add User
      &lt;/button&gt;
    &lt;/form&gt;
  &lt;/div&gt;
&lt;/body&gt;
    at Object.getElementError (C:\Users\princ\Desktop\New folder\mysecondtestion\node_modules\@testing-library\dom\dist\config.js:37:19)
    at C:\Users\princ\Desktop\New folder\mysecondtestion\node_modules\@testing-library\dom\dist\query-helpers.js:76:38
    at getAllByRole (C:\Users\princ\Desktop\New folder\mysecondtestion\node_modules\@testing-library\dom\dist\query-helpers.js:109:15)
    at Object.&lt;anonymous&gt; (C:\Users\princ\Desktop\New folder\mysecondtestion\components\userform\UserForm.test.tsx:24:42)
    at Promise.then.completed (C:\Users\princ\Desktop\New folder\mysecondtestion\node_modules\jest-circus\build\utils.js:298:28)
    at new Promise (&lt;anonymous&gt;)
    at callAsyncCircusFn (C:\Users\princ\Desktop\New folder\mysecondtestion\node_modules\jest-circus\build\utils.js:231:10)
    at _callCircusTest (C:\Users\princ\Desktop\New folder\mysecondtestion\node_modules\jest-circus\build\run.js:316:40)
    at processTicksAndRejections (node:internal/process/task_queues:95:5)
    at async _runTest (C:\Users\princ\Desktop\New folder\mysecondtestion\node_modules\jest-circus\build\run.js:252:3)
    at async _runTestsForDescribeBlock (C:\Users\princ\Desktop\New folder\mysecondtestion\node_modules\jest-circus\build\run.js:126:9)
    at async run (C:\Users\princ\Desktop\New folder\mysecondtestion\node_modules\jest-circus\build\run.js:71:3)
    at async runAndTransformResultsToJestFormat (C:\Users\princ\Desktop\New folder\mysecondtestion\node_modules\jest-circus\build\legacy-code-todo-rewrite\jestAdapterInit.js:122:21)
    at async jestAdapter (C:\Users\princ\Desktop\New folder\mysecondtestion\node_modules\jest-circus\build\legacy-code-todo-rewrite\jestAdapter.js:79:19)
    at async runTestInternal (C:\Users\princ\Desktop\New folder\mysecondtestion\node_modules\jest-runner\build\runTest.js:367:16)
    at async runTest (C:\Users\princ\Desktop\New folder\mysecondtestion\node_modules\jest-runner\build\runTest.js:444:34)</failure>
    </testcase>
  </testsuite>
</testsuites>